0 info it worked if it ends with ok
1 verbose cli [ 'node',
1 verbose cli   '/usr/local/bin/npm',
1 verbose cli   'install',
1 verbose cli   'https://github.com/phonegap/ios-deploy' ]
2 info using npm@2.5.1
3 info using node@v0.12.0
4 warn package.json 42@1.1.1 No repository field.
5 warn package.json 42@1.1.1 No README data
6 silly cache add args [ 'https://github.com/phonegap/ios-deploy', null ]
7 verbose cache add spec https://github.com/phonegap/ios-deploy
8 silly cache add parsed spec { raw: 'https://github.com/phonegap/ios-deploy',
8 silly cache add   scope: null,
8 silly cache add   name: null,
8 silly cache add   rawSpec: 'https://github.com/phonegap/ios-deploy',
8 silly cache add   spec: 'https://github.com/phonegap/ios-deploy',
8 silly cache add   type: 'remote' }
9 silly mapToRegistry name https://github.com/phonegap/ios-deploy
10 silly mapToRegistry using default registry
11 silly mapToRegistry registry https://registry.npmjs.org/
12 silly mapToRegistry uri https://github.com/phonegap/ios-deploy
13 verbose addRemoteTarball https://github.com/phonegap/ios-deploy not in flight; adding
14 verbose addRemoteTarball [ 'https://github.com/phonegap/ios-deploy', null ]
15 info retry fetch attempt 1 at 9:29:40 PM
16 info attempt registry request try #1 at 9:29:40 PM
17 http fetch GET https://github.com/phonegap/ios-deploy
18 verbose request id 216f2eaf2876c68e
19 http fetch 406 https://github.com/phonegap/ios-deploy
20 error fetch failed https://github.com/phonegap/ios-deploy
21 warn retry will retry, error on last attempt: Error: fetch failed with status code 406
22 info retry fetch attempt 2 at 9:29:50 PM
23 info attempt registry request try #1 at 9:29:50 PM
24 http fetch GET https://github.com/phonegap/ios-deploy
25 http fetch 406 https://github.com/phonegap/ios-deploy
26 error fetch failed https://github.com/phonegap/ios-deploy
27 warn retry will retry, error on last attempt: Error: fetch failed with status code 406
28 info retry fetch attempt 3 at 9:30:51 PM
29 info attempt registry request try #1 at 9:30:51 PM
30 http fetch GET https://github.com/phonegap/ios-deploy
31 http fetch 406 https://github.com/phonegap/ios-deploy
32 error fetch failed https://github.com/phonegap/ios-deploy
33 verbose stack Error: fetch failed with status code 406
33 verbose stack     at Request.<anonymous> (/usr/local/lib/node_modules/npm/node_modules/npm-registry-client/lib/fetch.js:55:14)
33 verbose stack     at Request.emit (events.js:107:17)
33 verbose stack     at Request.onRequestResponse (/usr/local/lib/node_modules/npm/node_modules/request/request.js:1176:10)
33 verbose stack     at ClientRequest.emit (events.js:107:17)
33 verbose stack     at HTTPParser.parserOnIncomingClient [as onIncoming] (_http_client.js:419:21)
33 verbose stack     at HTTPParser.parserOnHeadersComplete (_http_common.js:111:23)
33 verbose stack     at TLSSocket.socketOnData (_http_client.js:310:20)
33 verbose stack     at TLSSocket.emit (events.js:107:17)
33 verbose stack     at readableAddChunk (_stream_readable.js:163:16)
33 verbose stack     at TLSSocket.Readable.push (_stream_readable.js:126:10)
34 verbose cwd /Applications/MAMP/htdocs/mobile-systems
35 error Darwin 16.4.0
36 error argv "node" "/usr/local/bin/npm" "install" "https://github.com/phonegap/ios-deploy"
37 error node v0.12.0
38 error npm  v2.5.1
39 error fetch failed with status code 406
40 error If you need help, you may report this error at:
40 error     <http://github.com/npm/npm/issues>
41 verbose exit [ 1, true ]
